java.nio.file.NoSuchFileException: /home/wsargent/work/echopraxia-scala-example/Main.scala
  java.base@17.0.6/sun.nio.fs.UnixFileSystemProvider.newByteChannel(UnixFileSystemProvider.java:218)
  java.base@17.0.6/java.nio.file.Files.newByteChannel(Files.java:380)
  java.base@17.0.6/java.nio.file.Files.newByteChannel(Files.java:432)
  java.base@17.0.6/java.nio.file.spi.FileSystemProvider.newInputStream(FileSystemProvider.java:422)
  java.base@17.0.6/java.nio.file.Files.newInputStream(Files.java:160)
  os.Path.getInputStream(Path.scala:498)
  os.read$bytes$.apply(ReadWriteOps.scala:272)
  os.read$.apply(ReadWriteOps.scala:229)
  os.read$.apply(ReadWriteOps.scala:227)
  scala.build.input.Inputs.$anonfun$2(Inputs.scala:105)
  scala.collection.Iterator$$anon$10.nextCur(Iterator.scala:594)
  scala.collection.Iterator$$anon$10.hasNext(Iterator.scala:608)
  scala.collection.IterableOnceOps.foreach(IterableOnce.scala:575)
  scala.collection.IterableOnceOps.foreach$(IterableOnce.scala:573)
  scala.collection.AbstractIterator.foreach(Iterator.scala:1300)
  scala.build.input.Inputs.sourceHash(Inputs.scala:112)
  scala.build.bsp.BloopSession$.apply(BloopSession.scala:63)
  scala.build.bsp.BspImpl.bloopSession0$lzyINIT1$1(BspImpl.scala:440)
  scala.build.bsp.BspImpl.bloopSession0$1(BspImpl.scala:440)
  scala.build.bsp.BspImpl.newBloopSession(BspImpl.scala:442)
  scala.build.bsp.BspImpl.run(BspImpl.scala:466)
  scala.cli.commands.bsp.Bsp$.runCommand$$anonfun$1(Bsp.scala:93)
  scala.runtime.function.JProcedure1.apply(JProcedure1.java:15)
  scala.runtime.function.JProcedure1.apply(JProcedure1.java:10)
  scala.build.bsp.BspThreads$.withThreads(BspThreads.scala:23)
  scala.cli.commands.bsp.Bsp$.runCommand(Bsp.scala:96)
  scala.cli.commands.bsp.Bsp$.runCommand(Bsp.scala:32)
  scala.cli.commands.ScalaCommand.run(ScalaCommand.scala:364)
  scala.cli.commands.ScalaCommand.run(ScalaCommand.scala:348)
  caseapp.core.app.CaseApp.main(CaseApp.scala:150)
  scala.cli.commands.ScalaCommand.main(ScalaCommand.scala:333)
  caseapp.core.app.CommandsEntryPoint.main(CommandsEntryPoint.scala:120)
  scala.cli.ScalaCliCommands.main(ScalaCliCommands.scala:124)
  scala.cli.ScalaCli$.main0(ScalaCli.scala:203)
  scala.cli.ScalaCli$.main(ScalaCli.scala:107)
  scala.cli.ScalaCli.main(ScalaCli.scala)
